<?xml version="1.0" encoding="UTF-8"?>
<!-- Generated by org.testng.reporters.JUnitXMLReporter -->
<testsuite hostname="DESKTOP-0J70AHP" ignored="0" name="Default test" tests="6" failures="0" timestamp="05 Feb 2022 01:14:57 GMT" time="1.282" errors="0">
  <testcase name="@BeforeClass testInitialize" time="0.0" classname="Test.Base">
    <failure type="org.testng.TestNGException" message="
Parameter &amp;apos;browser&amp;apos; is required by BeforeClass on method testInitialize but has not been marked @Optional or defined
in C:\Users\hp\AppData\Local\Temp\testng-eclipse--1001547064\testng-customsuite.xml">
      <![CDATA[org.testng.TestNGException: 
Parameter 'browser' is required by BeforeClass on method testInitialize but has not been marked @Optional or defined
in C:\Users\hp\AppData\Local\Temp\testng-eclipse--1001547064\testng-customsuite.xml
	at org.testng.internal.Parameters.createParameters(Parameters.java:199)
	at org.testng.internal.Parameters.createParameters(Parameters.java:443)
	at org.testng.internal.Parameters.createConfigurationParameters(Parameters.java:118)
	at org.testng.internal.Invoker.invokeConfigurations(Invoker.java:203)
	at org.testng.internal.Invoker.invokeConfigurations(Invoker.java:144)
	at org.testng.internal.TestMethodWorker.invokeBeforeClassMethods(TestMethodWorker.java:169)
	at org.testng.internal.TestMethodWorker.run(TestMethodWorker.java:108)
	at org.testng.TestRunner.privateRun(TestRunner.java:756)
	at org.testng.TestRunner.run(TestRunner.java:610)
	at org.testng.SuiteRunner.runTest(SuiteRunner.java:387)
	at org.testng.SuiteRunner.runSequentially(SuiteRunner.java:382)
	at org.testng.SuiteRunner.privateRun(SuiteRunner.java:340)
	at org.testng.SuiteRunner.run(SuiteRunner.java:289)
	at org.testng.SuiteRunnerWorker.runSuite(SuiteRunnerWorker.java:52)
	at org.testng.SuiteRunnerWorker.run(SuiteRunnerWorker.java:86)
	at org.testng.TestNG.runSuitesSequentially(TestNG.java:1293)
	at org.testng.TestNG.runSuitesLocally(TestNG.java:1218)
	at org.testng.TestNG.runSuites(TestNG.java:1133)
	at org.testng.TestNG.run(TestNG.java:1104)
	at org.testng.remote.AbstractRemoteTestNG.run(AbstractRemoteTestNG.java:132)
	at org.testng.remote.RemoteTestNG.initAndRun(RemoteTestNG.java:236)
	at org.testng.remote.RemoteTestNG.main(RemoteTestNG.java:81)
]]>
    </failure>
  </testcase> <!-- @BeforeClass testInitialize -->
  <testcase name="@AfterClass afterclass" time="0.0" classname="Test.Base">
    <skipped/>
  </testcase> <!-- @AfterClass afterclass -->
  <testcase name="search" time="0.017" classname="Test.ClientTest">
    <skipped/>
  </testcase> <!-- search -->
  <testcase name="validsearchbox" time="0.006" classname="Test.ClientTest">
    <skipped/>
  </testcase> <!-- validsearchbox -->
  <testcase name="clientclicks" time="0.003" classname="Test.ClientTest">
    <skipped/>
  </testcase> <!-- clientclicks -->
  <testcase name="newclientdetails" time="0.002" classname="Test.ClientTest">
    <skipped/>
  </testcase> <!-- newclientdetails -->
  <testcase name="savebutton" time="0.004" classname="Test.ClientTest">
    <skipped/>
  </testcase> <!-- savebutton -->
  <testcase name="mandatoryfield" time="0.002" classname="Test.ClientTest">
    <skipped/>
  </testcase> <!-- mandatoryfield -->
</testsuite> <!-- Default test -->
