<?xml version="1.0" encoding="UTF-8"?>
<!-- Generated by org.testng.reporters.JUnitXMLReporter -->
<testsuite hostname="DESKTOP-0J70AHP" ignored="0" name="Test" tests="30" failures="2" timestamp="06 Feb 2022 18:44:34 GMT" time="638.542" errors="0">
  <testcase name="verifyloginpagetitle" time="0.142" classname="Test.ClientLogin"/>
  <testcase name="verifyforgotpasswordurl" time="0.016" classname="Test.ClientLogin"/>
  <testcase name="loginwithinvalidcredentials" time="4.625" classname="Test.ClientLogin"/>
  <testcase name="Remembermecheckbox" time="0.288" classname="Test.ClientLogin"/>
  <testcase name="Login" time="116.108" classname="Test.ClientLogin"/>
  <testcase name="checkpopup" time="0.167" classname="Test.ClientLogin"/>
  <testcase name="forgotpasswordtest" time="4.341" classname="Test.ForgotpasswordTest"/>
  <testcase name="Login" time="32.812" classname="Test.homepageTest"/>
  <testcase name="Checkboxsearch" time="1.372" classname="Test.homepageTest"/>
  <testcase name="verifyDateDisplayedInHomePage" time="0.2" classname="Test.homepageTest"/>
  <testcase name="verifylogo" time="0.796" classname="Test.homepageTest"/>
  <testcase name="currenturl" time="0.064" classname="Test.homepageTest"/>
  <testcase name="search" time="39.183" classname="Test.ClientTest"/>
  <testcase name="validsearchbox" time="2.109" classname="Test.ClientTest"/>
  <testcase name="clientclicks" time="0.168" classname="Test.ClientTest"/>
  <testcase name="newclientdetails" time="0.96" classname="Test.ClientTest"/>
  <testcase name="savebutton" time="3.628" classname="Test.ClientTest"/>
  <testcase name="mandatoryfield" time="2.287" classname="Test.ClientTest">
    <failure type="org.openqa.selenium.ElementClickInterceptedException" message="element click intercepted: Element &amp;lt;button type=&amp;quot;submit&amp;quot; class=&amp;quot;btn btn-sm btn-primary&amp;quot;&amp;gt;...&amp;lt;/button&amp;gt; is not clickable at point (1125, 596). Other element would receive the click: &amp;lt;div id=&amp;quot;toast-container&amp;quot; class=&amp;quot;toast-bottom-right&amp;quot; aria-live=&amp;quot;polite&amp;quot; role=&amp;quot;alert&amp;quot;&amp;gt;...&amp;lt;/div&amp;gt;
  (Session info: chrome=98.0.4758.82)
Build info: version: &amp;apos;4.0.0&amp;apos;, revision: &amp;apos;3a21814679&amp;apos;
System info: host: &amp;apos;DESKTOP-0J70AHP&amp;apos;, ip: &amp;apos;192.168.100.6&amp;apos;, os.name: &amp;apos;Windows 10&amp;apos;, os.arch: &amp;apos;amd64&amp;apos;, os.version: &amp;apos;10.0&amp;apos;, java.version: &amp;apos;1.8.0_261&amp;apos;
Driver info: org.openqa.selenium.chrome.ChromeDriver
Command: [628920453105003c86272e5acaece7ba, clickElement {id=b1e54582-b617-412f-bcb3-e463af3afb7e}]
Capabilities {acceptInsecureCerts: false, browserName: chrome, browserVersion: 98.0.4758.82, chrome: {chromedriverVersion: 97.0.4692.71 (adefa7837d02a..., userDataDir: C:\Users\hp\AppData\Local\T...}, goog:chromeOptions: {debuggerAddress: localhost:51547}, javascriptEnabled: true, networkConnectionEnabled: false, pageLoadStrategy: normal, platform: WINDOWS, platformName: WINDOWS, proxy: Proxy(), se:cdp: ws://localhost:51547/devtoo..., se:cdpVersion: 98.0.4758.82, setWindowRect: true, strictFileInteractability: false, timeouts: {implicit: 0, pageLoad: 300000, script: 30000}, unhandledPromptBehavior: dismiss and notify, webauthn:extension:credBlob: true, webauthn:extension:largeBlob: true, webauthn:virtualAuthenticators: true}
Element: [[ChromeDriver: chrome on WINDOWS (628920453105003c86272e5acaece7ba)] -&amp;gt; xpath: //button[@class=&amp;apos;btn btn-sm btn-primary&amp;apos;]]
Session ID: 628920453105003c86272e5acaece7ba">
      <![CDATA[org.openqa.selenium.ElementClickInterceptedException: element click intercepted: Element <button type="submit" class="btn btn-sm btn-primary">...</button> is not clickable at point (1125, 596). Other element would receive the click: <div id="toast-container" class="toast-bottom-right" aria-live="polite" role="alert">...</div>
  (Session info: chrome=98.0.4758.82)
Build info: version: '4.0.0', revision: '3a21814679'
System info: host: 'DESKTOP-0J70AHP', ip: '192.168.100.6', os.name: 'Windows 10', os.arch: 'amd64', os.version: '10.0', java.version: '1.8.0_261'
Driver info: org.openqa.selenium.chrome.ChromeDriver
Command: [628920453105003c86272e5acaece7ba, clickElement {id=b1e54582-b617-412f-bcb3-e463af3afb7e}]
Capabilities {acceptInsecureCerts: false, browserName: chrome, browserVersion: 98.0.4758.82, chrome: {chromedriverVersion: 97.0.4692.71 (adefa7837d02a..., userDataDir: C:\Users\hp\AppData\Local\T...}, goog:chromeOptions: {debuggerAddress: localhost:51547}, javascriptEnabled: true, networkConnectionEnabled: false, pageLoadStrategy: normal, platform: WINDOWS, platformName: WINDOWS, proxy: Proxy(), se:cdp: ws://localhost:51547/devtoo..., se:cdpVersion: 98.0.4758.82, setWindowRect: true, strictFileInteractability: false, timeouts: {implicit: 0, pageLoad: 300000, script: 30000}, unhandledPromptBehavior: dismiss and notify, webauthn:extension:credBlob: true, webauthn:extension:largeBlob: true, webauthn:virtualAuthenticators: true}
Element: [[ChromeDriver: chrome on WINDOWS (628920453105003c86272e5acaece7ba)] -> xpath: //button[@class='btn btn-sm btn-primary']]
Session ID: 628920453105003c86272e5acaece7ba
	at org.openqa.selenium.remote.codec.w3c.W3CHttpResponseCodec.createException(W3CHttpResponseCodec.java:200)
	at org.openqa.selenium.remote.codec.w3c.W3CHttpResponseCodec.decode(W3CHttpResponseCodec.java:133)
	at org.openqa.selenium.remote.codec.w3c.W3CHttpResponseCodec.decode(W3CHttpResponseCodec.java:53)
	at org.openqa.selenium.remote.HttpCommandExecutor.execute(HttpCommandExecutor.java:184)
	at org.openqa.selenium.remote.service.DriverCommandExecutor.invokeExecute(DriverCommandExecutor.java:164)
	at org.openqa.selenium.remote.service.DriverCommandExecutor.execute(DriverCommandExecutor.java:139)
	at org.openqa.selenium.remote.RemoteWebDriver.execute(RemoteWebDriver.java:559)
	at org.openqa.selenium.remote.RemoteWebElement.execute(RemoteWebElement.java:251)
	at org.openqa.selenium.remote.RemoteWebElement.click(RemoteWebElement.java:77)
	at org.openqa.selenium.support.pagefactory.internal.LocatingElementHandler.invoke(LocatingElementHandler.java:52)
	at com.sun.proxy.$Proxy16.click(Unknown Source)
	at Utility.PageUtility.clickOnElement(PageUtility.java:36)
	at Page.Clientpage.mandatoryfill(Clientpage.java:106)
	at Test.ClientTest.mandatoryfield(ClientTest.java:107)
... Removed 33 stack frames]]>
    </failure>
  </testcase> <!-- mandatoryfield -->
  <testcase name="deleteclients" time="97.018" classname="Test.DeleteclientTest"/>
  <testcase name="deletebutton" time="7.846" classname="Test.DeleteclientTest"/>
  <testcase name="editurl" time="44.582" classname="Test.EditclientTest">
    <failure type="java.lang.AssertionError" message="expected [https://erp.buffalocart.com/admin/client/manage_client/535] but found [https://erp.buffalocart.com/admin/client/manage_client/536]">
      <![CDATA[java.lang.AssertionError: expected [https://erp.buffalocart.com/admin/client/manage_client/535] but found [https://erp.buffalocart.com/admin/client/manage_client/536]
	at Test.EditclientTest.editurl(EditclientTest.java:25)
... Removed 31 stack frames]]>
    </failure>
  </testcase> <!-- editurl -->
  <testcase name="editdatas" time="5.519" classname="Test.EditclientTest"/>
  <testcase name="Login" time="33.293" classname="Test.ViewclientTest"/>
  <testcase name="viewdetails" time="0.0" classname="Test.ViewclientTest"/>
  <testcase name="verifylogo" time="28.838" classname="Test.LogoutTest"/>
  <testcase name="verifystockpage" time="21.975" classname="Test.StockTest"/>
  <testcase name="leadpagetitle" time="33.787" classname="Test.LeadTest"/>
  <testcase name="leadpageurl" time="0.016" classname="Test.LeadTest"/>
  <testcase name="editdatae" time="9.128" classname="Test.LeadTest"/>
  <testcase name="deletedata" time="1.574" classname="Test.LeadTest"/>
</testsuite> <!-- Test -->
