<?xml version="1.0" encoding="UTF-8"?>
<testng-results skipped="0" failed="2" ignored="0" total="30" passed="28">
  <reporter-output>
  </reporter-output>
  <suite name="Suite" duration-ms="638542" started-at="2022-02-06T18:33:55Z" finished-at="2022-02-06T18:44:33Z">
    <groups>
    </groups>
    <test name="Test" duration-ms="638542" started-at="2022-02-06T18:33:55Z" finished-at="2022-02-06T18:44:33Z">
      <class name="Test.DeleteclientTest">
        <test-method status="PASS" signature="testInitialize(java.lang.String)[pri:0, instance:Test.DeleteclientTest@33b37288]" name="testInitialize" is-config="true" duration-ms="42864" started-at="2022-02-07T00:08:09Z" finished-at="2022-02-07T00:08:52Z">
          <params>
            <param index="0">
              <value>
                <![CDATA[chrome]]>
              </value>
            </param>
          </params>
          <reporter-output>
          </reporter-output>
        </test-method> <!-- testInitialize -->
        <test-method status="PASS" signature="deleteclients()[pri:19, instance:Test.DeleteclientTest@33b37288]" name="deleteclients" duration-ms="97018" started-at="2022-02-07T00:08:52Z" description="TC_0020_Verify delete page title" finished-at="2022-02-07T00:10:29Z">
          <reporter-output>
          </reporter-output>
        </test-method> <!-- deleteclients -->
        <test-method status="PASS" signature="deletebutton()[pri:20, instance:Test.DeleteclientTest@33b37288]" name="deletebutton" duration-ms="7846" started-at="2022-02-07T00:10:29Z" description="TC_002_Verify  user can delete a clientList from table" finished-at="2022-02-07T00:10:37Z">
          <reporter-output>
          </reporter-output>
        </test-method> <!-- deletebutton -->
        <test-method status="PASS" signature="afterclass()[pri:0, instance:Test.DeleteclientTest@33b37288]" name="afterclass" is-config="true" duration-ms="611" started-at="2022-02-07T00:10:37Z" finished-at="2022-02-07T00:10:38Z">
          <reporter-output>
          </reporter-output>
        </test-method> <!-- afterclass -->
      </class> <!-- Test.DeleteclientTest -->
      <class name="Test.LogoutTest">
        <test-method status="PASS" signature="testInitialize(java.lang.String)[pri:0, instance:Test.LogoutTest@46238e3f]" name="testInitialize" is-config="true" duration-ms="8356" started-at="2022-02-07T00:12:33Z" finished-at="2022-02-07T00:12:42Z">
          <params>
            <param index="0">
              <value>
                <![CDATA[chrome]]>
              </value>
            </param>
          </params>
          <reporter-output>
          </reporter-output>
        </test-method> <!-- testInitialize -->
        <test-method status="PASS" signature="verifylogo()[pri:25, instance:Test.LogoutTest@46238e3f]" name="verifylogo" duration-ms="28838" started-at="2022-02-07T00:12:42Z" description="TC_0025_Verify logoutpage" finished-at="2022-02-07T00:13:11Z">
          <reporter-output>
          </reporter-output>
        </test-method> <!-- verifylogo -->
        <test-method status="PASS" signature="afterclass()[pri:0, instance:Test.LogoutTest@46238e3f]" name="afterclass" is-config="true" duration-ms="421" started-at="2022-02-07T00:13:11Z" finished-at="2022-02-07T00:13:11Z">
          <reporter-output>
          </reporter-output>
        </test-method> <!-- afterclass -->
      </class> <!-- Test.LogoutTest -->
      <class name="Test.ClientTest">
        <test-method status="PASS" signature="testInitialize(java.lang.String)[pri:0, instance:Test.ClientTest@276438c9]" name="testInitialize" is-config="true" duration-ms="8077" started-at="2022-02-07T00:07:12Z" finished-at="2022-02-07T00:07:20Z">
          <params>
            <param index="0">
              <value>
                <![CDATA[chrome]]>
              </value>
            </param>
          </params>
          <reporter-output>
          </reporter-output>
        </test-method> <!-- testInitialize -->
        <test-method status="PASS" signature="search()[pri:13, instance:Test.ClientTest@276438c9]" name="search" duration-ms="39183" started-at="2022-02-07T00:07:20Z" description="TC_0013_Verify search box" finished-at="2022-02-07T00:07:59Z">
          <reporter-output>
          </reporter-output>
        </test-method> <!-- search -->
        <test-method status="PASS" signature="validsearchbox()[pri:14, instance:Test.ClientTest@276438c9]" name="validsearchbox" duration-ms="2109" started-at="2022-02-07T00:07:59Z" description="TC_0014_Verify valid value in a search box" finished-at="2022-02-07T00:08:01Z">
          <reporter-output>
          </reporter-output>
        </test-method> <!-- validsearchbox -->
        <test-method status="PASS" signature="clientclicks()[pri:15, instance:Test.ClientTest@276438c9]" name="clientclicks" duration-ms="168" started-at="2022-02-07T00:08:01Z" description="TC_0015_check newclientclick" finished-at="2022-02-07T00:08:01Z">
          <reporter-output>
          </reporter-output>
        </test-method> <!-- clientclicks -->
        <test-method status="PASS" signature="newclientdetails(java.lang.String, java.lang.String, java.lang.String)[pri:16, instance:Test.ClientTest@276438c9]" name="newclientdetails" duration-ms="960" started-at="2022-02-07T00:08:02Z" description="TC_0016_Verify  user can add new client details" data-provider="dp" finished-at="2022-02-07T00:08:03Z">
          <params>
            <param index="0">
              <value>
                <![CDATA[Ibms]]>
              </value>
            </param>
            <param index="1">
              <value>
                <![CDATA[ibms@gmail.com]]>
              </value>
            </param>
            <param index="2">
              <value>
                <![CDATA[GB999 9999 73]]>
              </value>
            </param>
          </params>
          <reporter-output>
          </reporter-output>
        </test-method> <!-- newclientdetails -->
        <test-method status="PASS" signature="savebutton()[pri:17, instance:Test.ClientTest@276438c9]" name="savebutton" duration-ms="3628" started-at="2022-02-07T00:08:03Z" description="TC_0018_verify savebuttonclick" finished-at="2022-02-07T00:08:07Z">
          <reporter-output>
          </reporter-output>
        </test-method> <!-- savebutton -->
        <test-method status="FAIL" signature="mandatoryfield()[pri:18, instance:Test.ClientTest@276438c9]" name="mandatoryfield" duration-ms="2287" started-at="2022-02-07T00:08:07Z" description="TC_0019_verify Without mandatoryfieldfill" finished-at="2022-02-07T00:08:09Z">
          <exception class="org.openqa.selenium.ElementClickInterceptedException">
            <message>
              <![CDATA[element click intercepted: Element <button type="submit" class="btn btn-sm btn-primary">...</button> is not clickable at point (1125, 596). Other element would receive the click: <div id="toast-container" class="toast-bottom-right" aria-live="polite" role="alert">...</div>
  (Session info: chrome=98.0.4758.82)
Build info: version: '4.0.0', revision: '3a21814679'
System info: host: 'DESKTOP-0J70AHP', ip: '192.168.100.6', os.name: 'Windows 10', os.arch: 'amd64', os.version: '10.0', java.version: '1.8.0_261'
Driver info: org.openqa.selenium.chrome.ChromeDriver
Command: [628920453105003c86272e5acaece7ba, clickElement {id=b1e54582-b617-412f-bcb3-e463af3afb7e}]
Capabilities {acceptInsecureCerts: false, browserName: chrome, browserVersion: 98.0.4758.82, chrome: {chromedriverVersion: 97.0.4692.71 (adefa7837d02a..., userDataDir: C:\Users\hp\AppData\Local\T...}, goog:chromeOptions: {debuggerAddress: localhost:51547}, javascriptEnabled: true, networkConnectionEnabled: false, pageLoadStrategy: normal, platform: WINDOWS, platformName: WINDOWS, proxy: Proxy(), se:cdp: ws://localhost:51547/devtoo..., se:cdpVersion: 98.0.4758.82, setWindowRect: true, strictFileInteractability: false, timeouts: {implicit: 0, pageLoad: 300000, script: 30000}, unhandledPromptBehavior: dismiss and notify, webauthn:extension:credBlob: true, webauthn:extension:largeBlob: true, webauthn:virtualAuthenticators: true}
Element: [[ChromeDriver: chrome on WINDOWS (628920453105003c86272e5acaece7ba)] -> xpath: //button[@class='btn btn-sm btn-primary']]
Session ID: 628920453105003c86272e5acaece7ba]]>
            </message>
            <full-stacktrace>
              <![CDATA[org.openqa.selenium.ElementClickInterceptedException: element click intercepted: Element <button type="submit" class="btn btn-sm btn-primary">...</button> is not clickable at point (1125, 596). Other element would receive the click: <div id="toast-container" class="toast-bottom-right" aria-live="polite" role="alert">...</div>
  (Session info: chrome=98.0.4758.82)
Build info: version: '4.0.0', revision: '3a21814679'
System info: host: 'DESKTOP-0J70AHP', ip: '192.168.100.6', os.name: 'Windows 10', os.arch: 'amd64', os.version: '10.0', java.version: '1.8.0_261'
Driver info: org.openqa.selenium.chrome.ChromeDriver
Command: [628920453105003c86272e5acaece7ba, clickElement {id=b1e54582-b617-412f-bcb3-e463af3afb7e}]
Capabilities {acceptInsecureCerts: false, browserName: chrome, browserVersion: 98.0.4758.82, chrome: {chromedriverVersion: 97.0.4692.71 (adefa7837d02a..., userDataDir: C:\Users\hp\AppData\Local\T...}, goog:chromeOptions: {debuggerAddress: localhost:51547}, javascriptEnabled: true, networkConnectionEnabled: false, pageLoadStrategy: normal, platform: WINDOWS, platformName: WINDOWS, proxy: Proxy(), se:cdp: ws://localhost:51547/devtoo..., se:cdpVersion: 98.0.4758.82, setWindowRect: true, strictFileInteractability: false, timeouts: {implicit: 0, pageLoad: 300000, script: 30000}, unhandledPromptBehavior: dismiss and notify, webauthn:extension:credBlob: true, webauthn:extension:largeBlob: true, webauthn:virtualAuthenticators: true}
Element: [[ChromeDriver: chrome on WINDOWS (628920453105003c86272e5acaece7ba)] -> xpath: //button[@class='btn btn-sm btn-primary']]
Session ID: 628920453105003c86272e5acaece7ba
	at sun.reflect.NativeConstructorAccessorImpl.newInstance0(Native Method)
	at sun.reflect.NativeConstructorAccessorImpl.newInstance(NativeConstructorAccessorImpl.java:62)
	at sun.reflect.DelegatingConstructorAccessorImpl.newInstance(DelegatingConstructorAccessorImpl.java:45)
	at java.lang.reflect.Constructor.newInstance(Constructor.java:423)
	at org.openqa.selenium.remote.codec.w3c.W3CHttpResponseCodec.createException(W3CHttpResponseCodec.java:200)
	at org.openqa.selenium.remote.codec.w3c.W3CHttpResponseCodec.decode(W3CHttpResponseCodec.java:133)
	at org.openqa.selenium.remote.codec.w3c.W3CHttpResponseCodec.decode(W3CHttpResponseCodec.java:53)
	at org.openqa.selenium.remote.HttpCommandExecutor.execute(HttpCommandExecutor.java:184)
	at org.openqa.selenium.remote.service.DriverCommandExecutor.invokeExecute(DriverCommandExecutor.java:164)
	at org.openqa.selenium.remote.service.DriverCommandExecutor.execute(DriverCommandExecutor.java:139)
	at org.openqa.selenium.remote.RemoteWebDriver.execute(RemoteWebDriver.java:559)
	at org.openqa.selenium.remote.RemoteWebElement.execute(RemoteWebElement.java:251)
	at org.openqa.selenium.remote.RemoteWebElement.click(RemoteWebElement.java:77)
	at sun.reflect.NativeMethodAccessorImpl.invoke0(Native Method)
	at sun.reflect.NativeMethodAccessorImpl.invoke(NativeMethodAccessorImpl.java:62)
	at sun.reflect.DelegatingMethodAccessorImpl.invoke(DelegatingMethodAccessorImpl.java:43)
	at java.lang.reflect.Method.invoke(Method.java:498)
	at org.openqa.selenium.support.pagefactory.internal.LocatingElementHandler.invoke(LocatingElementHandler.java:52)
	at com.sun.proxy.$Proxy16.click(Unknown Source)
	at Utility.PageUtility.clickOnElement(PageUtility.java:36)
	at Page.Clientpage.mandatoryfill(Clientpage.java:106)
	at Test.ClientTest.mandatoryfield(ClientTest.java:107)
	at sun.reflect.NativeMethodAccessorImpl.invoke0(Native Method)
	at sun.reflect.NativeMethodAccessorImpl.invoke(NativeMethodAccessorImpl.java:62)
	at sun.reflect.DelegatingMethodAccessorImpl.invoke(DelegatingMethodAccessorImpl.java:43)
	at java.lang.reflect.Method.invoke(Method.java:498)
	at org.testng.internal.MethodInvocationHelper.invokeMethod(MethodInvocationHelper.java:104)
	at org.testng.internal.Invoker.invokeMethod(Invoker.java:645)
	at org.testng.internal.Invoker.invokeTestMethod(Invoker.java:851)
	at org.testng.internal.Invoker.invokeTestMethods(Invoker.java:1177)
	at org.testng.internal.TestMethodWorker.invokeTestMethods(TestMethodWorker.java:129)
	at org.testng.internal.TestMethodWorker.run(TestMethodWorker.java:112)
	at org.testng.TestRunner.privateRun(TestRunner.java:756)
	at org.testng.TestRunner.run(TestRunner.java:610)
	at org.testng.SuiteRunner.runTest(SuiteRunner.java:387)
	at org.testng.SuiteRunner.runSequentially(SuiteRunner.java:382)
	at org.testng.SuiteRunner.privateRun(SuiteRunner.java:340)
	at org.testng.SuiteRunner.run(SuiteRunner.java:289)
	at org.testng.SuiteRunnerWorker.runSuite(SuiteRunnerWorker.java:52)
	at org.testng.SuiteRunnerWorker.run(SuiteRunnerWorker.java:86)
	at org.testng.TestNG.runSuitesSequentially(TestNG.java:1293)
	at org.testng.TestNG.runSuitesLocally(TestNG.java:1218)
	at org.testng.TestNG.runSuites(TestNG.java:1133)
	at org.testng.TestNG.run(TestNG.java:1104)
	at org.testng.remote.AbstractRemoteTestNG.run(AbstractRemoteTestNG.java:132)
	at org.testng.remote.RemoteTestNG.initAndRun(RemoteTestNG.java:236)
	at org.testng.remote.RemoteTestNG.main(RemoteTestNG.java:81)
]]>
            </full-stacktrace>
          </exception> <!-- org.openqa.selenium.ElementClickInterceptedException -->
          <reporter-output>
          </reporter-output>
        </test-method> <!-- mandatoryfield -->
        <test-method status="PASS" signature="afterclass()[pri:0, instance:Test.ClientTest@276438c9]" name="afterclass" is-config="true" duration-ms="419" started-at="2022-02-07T00:08:09Z" finished-at="2022-02-07T00:08:09Z">
          <reporter-output>
          </reporter-output>
        </test-method> <!-- afterclass -->
      </class> <!-- Test.ClientTest -->
      <class name="Test.ForgotpasswordTest">
        <test-method status="PASS" signature="testInitialize(java.lang.String)[pri:0, instance:Test.ForgotpasswordTest@101df177]" name="testInitialize" is-config="true" duration-ms="9415" started-at="2022-02-07T00:06:15Z" finished-at="2022-02-07T00:06:25Z">
          <params>
            <param index="0">
              <value>
                <![CDATA[chrome]]>
              </value>
            </param>
          </params>
          <reporter-output>
          </reporter-output>
        </test-method> <!-- testInitialize -->
        <test-method status="PASS" signature="forgotpasswordtest()[pri:7, instance:Test.ForgotpasswordTest@101df177]" name="forgotpasswordtest" duration-ms="4341" started-at="2022-02-07T00:06:25Z" description="TC_005_Verify error message displyed on  Reset Password page with invalid email id" finished-at="2022-02-07T00:06:29Z">
          <reporter-output>
          </reporter-output>
        </test-method> <!-- forgotpasswordtest -->
        <test-method status="PASS" signature="afterclass()[pri:0, instance:Test.ForgotpasswordTest@101df177]" name="afterclass" is-config="true" duration-ms="159" started-at="2022-02-07T00:06:29Z" finished-at="2022-02-07T00:06:29Z">
          <reporter-output>
          </reporter-output>
        </test-method> <!-- afterclass -->
      </class> <!-- Test.ForgotpasswordTest -->
      <class name="Test.StockTest">
        <test-method status="PASS" signature="testInitialize(java.lang.String)[pri:0, instance:Test.StockTest@7181ae3f]" name="testInitialize" is-config="true" duration-ms="7877" started-at="2022-02-07T00:13:11Z" finished-at="2022-02-07T00:13:19Z">
          <params>
            <param index="0">
              <value>
                <![CDATA[chrome]]>
              </value>
            </param>
          </params>
          <reporter-output>
          </reporter-output>
        </test-method> <!-- testInitialize -->
        <test-method status="PASS" signature="verifystockpage()[pri:26, instance:Test.StockTest@7181ae3f]" name="verifystockpage" duration-ms="21975" started-at="2022-02-07T00:13:19Z" description="TC_0026_Verify stocktabs" finished-at="2022-02-07T00:13:41Z">
          <reporter-output>
          </reporter-output>
        </test-method> <!-- verifystockpage -->
        <test-method status="PASS" signature="afterclass()[pri:0, instance:Test.StockTest@7181ae3f]" name="afterclass" is-config="true" duration-ms="231" started-at="2022-02-07T00:13:41Z" finished-at="2022-02-07T00:13:41Z">
          <reporter-output>
          </reporter-output>
        </test-method> <!-- afterclass -->
      </class> <!-- Test.StockTest -->
      <class name="Test.homepageTest">
        <test-method status="PASS" signature="testInitialize(java.lang.String)[pri:0, instance:Test.homepageTest@166fa74d]" name="testInitialize" is-config="true" duration-ms="7378" started-at="2022-02-07T00:06:29Z" finished-at="2022-02-07T00:06:36Z">
          <params>
            <param index="0">
              <value>
                <![CDATA[chrome]]>
              </value>
            </param>
          </params>
          <reporter-output>
          </reporter-output>
        </test-method> <!-- testInitialize -->
        <test-method status="PASS" signature="Login()[pri:8, instance:Test.homepageTest@166fa74d]" name="Login" duration-ms="32812" started-at="2022-02-07T00:06:36Z" description="TC_008_Verify loginpage title" finished-at="2022-02-07T00:07:09Z">
          <reporter-output>
          </reporter-output>
        </test-method> <!-- Login -->
        <test-method status="PASS" signature="Checkboxsearch()[pri:9, instance:Test.homepageTest@166fa74d]" name="Checkboxsearch" duration-ms="1372" started-at="2022-02-07T00:07:09Z" description="TC_009_Check box search" finished-at="2022-02-07T00:07:11Z">
          <reporter-output>
          </reporter-output>
        </test-method> <!-- Checkboxsearch -->
        <test-method status="PASS" signature="verifyDateDisplayedInHomePage()[pri:10, instance:Test.homepageTest@166fa74d]" name="verifyDateDisplayedInHomePage" duration-ms="200" started-at="2022-02-07T00:07:11Z" description="TC_0010_Verify date displeyed in home page" finished-at="2022-02-07T00:07:11Z">
          <reporter-output>
          </reporter-output>
        </test-method> <!-- verifyDateDisplayedInHomePage -->
        <test-method status="PASS" signature="verifylogo()[pri:11, instance:Test.homepageTest@166fa74d]" name="verifylogo" duration-ms="796" started-at="2022-02-07T00:07:11Z" description="TC_0011_Verify Logo display" finished-at="2022-02-07T00:07:12Z">
          <reporter-output>
          </reporter-output>
        </test-method> <!-- verifylogo -->
        <test-method status="PASS" signature="currenturl()[pri:12, instance:Test.homepageTest@166fa74d]" name="currenturl" duration-ms="64" started-at="2022-02-07T00:07:12Z" description="TC_0012_Verify currenturl" finished-at="2022-02-07T00:07:12Z">
          <reporter-output>
          </reporter-output>
        </test-method> <!-- currenturl -->
        <test-method status="PASS" signature="afterclass()[pri:0, instance:Test.homepageTest@166fa74d]" name="afterclass" is-config="true" duration-ms="219" started-at="2022-02-07T00:07:12Z" finished-at="2022-02-07T00:07:12Z">
          <reporter-output>
          </reporter-output>
        </test-method> <!-- afterclass -->
      </class> <!-- Test.homepageTest -->
      <class name="Test.EditclientTest">
        <test-method status="PASS" signature="testInitialize(java.lang.String)[pri:0, instance:Test.EditclientTest@77a57272]" name="testInitialize" is-config="true" duration-ms="13719" started-at="2022-02-07T00:10:38Z" finished-at="2022-02-07T00:10:51Z">
          <params>
            <param index="0">
              <value>
                <![CDATA[chrome]]>
              </value>
            </param>
          </params>
          <reporter-output>
          </reporter-output>
        </test-method> <!-- testInitialize -->
        <test-method status="FAIL" signature="editurl()[pri:21, instance:Test.EditclientTest@77a57272]" name="editurl" duration-ms="44582" started-at="2022-02-07T00:10:51Z" description="TC_0021_Verify edit page url" finished-at="2022-02-07T00:11:36Z">
          <exception class="java.lang.AssertionError">
            <message>
              <![CDATA[expected [https://erp.buffalocart.com/admin/client/manage_client/535] but found [https://erp.buffalocart.com/admin/client/manage_client/536]]]>
            </message>
            <full-stacktrace>
              <![CDATA[java.lang.AssertionError: expected [https://erp.buffalocart.com/admin/client/manage_client/535] but found [https://erp.buffalocart.com/admin/client/manage_client/536]
	at org.testng.Assert.fail(Assert.java:94)
	at org.testng.Assert.failNotEquals(Assert.java:513)
	at org.testng.Assert.assertEqualsImpl(Assert.java:135)
	at org.testng.Assert.assertEquals(Assert.java:116)
	at org.testng.Assert.assertEquals(Assert.java:190)
	at org.testng.Assert.assertEquals(Assert.java:200)
	at Test.EditclientTest.editurl(EditclientTest.java:25)
	at sun.reflect.NativeMethodAccessorImpl.invoke0(Native Method)
	at sun.reflect.NativeMethodAccessorImpl.invoke(NativeMethodAccessorImpl.java:62)
	at sun.reflect.DelegatingMethodAccessorImpl.invoke(DelegatingMethodAccessorImpl.java:43)
	at java.lang.reflect.Method.invoke(Method.java:498)
	at org.testng.internal.MethodInvocationHelper.invokeMethod(MethodInvocationHelper.java:104)
	at org.testng.internal.Invoker.invokeMethod(Invoker.java:645)
	at org.testng.internal.Invoker.invokeTestMethod(Invoker.java:851)
	at org.testng.internal.Invoker.invokeTestMethods(Invoker.java:1177)
	at org.testng.internal.TestMethodWorker.invokeTestMethods(TestMethodWorker.java:129)
	at org.testng.internal.TestMethodWorker.run(TestMethodWorker.java:112)
	at org.testng.TestRunner.privateRun(TestRunner.java:756)
	at org.testng.TestRunner.run(TestRunner.java:610)
	at org.testng.SuiteRunner.runTest(SuiteRunner.java:387)
	at org.testng.SuiteRunner.runSequentially(SuiteRunner.java:382)
	at org.testng.SuiteRunner.privateRun(SuiteRunner.java:340)
	at org.testng.SuiteRunner.run(SuiteRunner.java:289)
	at org.testng.SuiteRunnerWorker.runSuite(SuiteRunnerWorker.java:52)
	at org.testng.SuiteRunnerWorker.run(SuiteRunnerWorker.java:86)
	at org.testng.TestNG.runSuitesSequentially(TestNG.java:1293)
	at org.testng.TestNG.runSuitesLocally(TestNG.java:1218)
	at org.testng.TestNG.runSuites(TestNG.java:1133)
	at org.testng.TestNG.run(TestNG.java:1104)
	at org.testng.remote.AbstractRemoteTestNG.run(AbstractRemoteTestNG.java:132)
	at org.testng.remote.RemoteTestNG.initAndRun(RemoteTestNG.java:236)
	at org.testng.remote.RemoteTestNG.main(RemoteTestNG.java:81)
]]>
            </full-stacktrace>
          </exception> <!-- java.lang.AssertionError -->
          <reporter-output>
          </reporter-output>
        </test-method> <!-- editurl -->
        <test-method status="PASS" signature="editdatas()[pri:22, instance:Test.EditclientTest@77a57272]" name="editdatas" duration-ms="5519" started-at="2022-02-07T00:11:36Z" description="TC_0022_Verify user can edit clientdetails" finished-at="2022-02-07T00:11:42Z">
          <reporter-output>
          </reporter-output>
        </test-method> <!-- editdatas -->
        <test-method status="PASS" signature="afterclass()[pri:0, instance:Test.EditclientTest@77a57272]" name="afterclass" is-config="true" duration-ms="213" started-at="2022-02-07T00:11:42Z" finished-at="2022-02-07T00:11:42Z">
          <reporter-output>
          </reporter-output>
        </test-method> <!-- afterclass -->
      </class> <!-- Test.EditclientTest -->
      <class name="Test.ClientLogin">
        <test-method status="PASS" signature="testInitialize(java.lang.String)[pri:0, instance:Test.ClientLogin@40f08448]" name="testInitialize" is-config="true" duration-ms="13563" started-at="2022-02-07T00:03:55Z" finished-at="2022-02-07T00:04:08Z">
          <params>
            <param index="0">
              <value>
                <![CDATA[chrome]]>
              </value>
            </param>
          </params>
          <reporter-output>
          </reporter-output>
        </test-method> <!-- testInitialize -->
        <test-method status="PASS" signature="verifyloginpagetitle()[pri:1, instance:Test.ClientLogin@40f08448]" name="verifyloginpagetitle" duration-ms="142" started-at="2022-02-07T00:04:08Z" description="TC_001_Verify login page title" finished-at="2022-02-07T00:04:09Z">
          <reporter-output>
          </reporter-output>
        </test-method> <!-- verifyloginpagetitle -->
        <test-method status="PASS" signature="verifyforgotpasswordurl()[pri:2, instance:Test.ClientLogin@40f08448]" name="verifyforgotpasswordurl" duration-ms="16" started-at="2022-02-07T00:04:09Z" description="TC_002_Verify forgotpassword url" finished-at="2022-02-07T00:04:09Z">
          <reporter-output>
          </reporter-output>
        </test-method> <!-- verifyforgotpasswordurl -->
        <test-method status="PASS" signature="loginwithinvalidcredentials(java.lang.String, java.lang.String)[pri:3, instance:Test.ClientLogin@40f08448]" name="loginwithinvalidcredentials" duration-ms="4625" started-at="2022-02-07T00:04:14Z" description="TC_003_Verify login with invalid credentials" data-provider="dp2" finished-at="2022-02-07T00:04:18Z">
          <params>
            <param index="0">
              <value>
                <![CDATA[admins]]>
              </value>
            </param>
            <param index="1">
              <value>
                <![CDATA[12345678]]>
              </value>
            </param>
          </params>
          <reporter-output>
          </reporter-output>
        </test-method> <!-- loginwithinvalidcredentials -->
        <test-method status="PASS" signature="Remembermecheckbox()[pri:4, instance:Test.ClientLogin@40f08448]" name="Remembermecheckbox" duration-ms="288" started-at="2022-02-07T00:04:18Z" description="TC_004_Verify whetehr the user is able to click on &#039;Remember me&#039; checkbox" finished-at="2022-02-07T00:04:18Z">
          <reporter-output>
          </reporter-output>
        </test-method> <!-- Remembermecheckbox -->
        <test-method status="PASS" signature="Login(java.lang.String, java.lang.String)[pri:5, instance:Test.ClientLogin@40f08448]" name="Login" duration-ms="116108" started-at="2022-02-07T00:04:19Z" description="TC_005_Verify user login with valid user credentials" data-provider="dp" finished-at="2022-02-07T00:06:15Z">
          <params>
            <param index="0">
              <value>
                <![CDATA[admin]]>
              </value>
            </param>
            <param index="1">
              <value>
                <![CDATA[123456]]>
              </value>
            </param>
          </params>
          <reporter-output>
          </reporter-output>
        </test-method> <!-- Login -->
        <test-method status="PASS" signature="checkpopup()[pri:6, instance:Test.ClientLogin@40f08448]" name="checkpopup" duration-ms="167" started-at="2022-02-07T00:06:15Z" description="TC_006_Check popupwindow" finished-at="2022-02-07T00:06:15Z">
          <reporter-output>
          </reporter-output>
        </test-method> <!-- checkpopup -->
        <test-method status="PASS" signature="afterclass()[pri:0, instance:Test.ClientLogin@40f08448]" name="afterclass" is-config="true" duration-ms="326" started-at="2022-02-07T00:06:15Z" finished-at="2022-02-07T00:06:15Z">
          <reporter-output>
          </reporter-output>
        </test-method> <!-- afterclass -->
      </class> <!-- Test.ClientLogin -->
      <class name="Test.LeadTest">
        <test-method status="PASS" signature="testInitialize(java.lang.String)[pri:0, instance:Test.LeadTest@6e2c9341]" name="testInitialize" is-config="true" duration-ms="7581" started-at="2022-02-07T00:13:41Z" finished-at="2022-02-07T00:13:49Z">
          <params>
            <param index="0">
              <value>
                <![CDATA[chrome]]>
              </value>
            </param>
          </params>
          <reporter-output>
          </reporter-output>
        </test-method> <!-- testInitialize -->
        <test-method status="PASS" signature="leadpagetitle()[pri:27, instance:Test.LeadTest@6e2c9341]" name="leadpagetitle" duration-ms="33787" started-at="2022-02-07T00:13:49Z" description="TC_0027_Verify leadpage title" finished-at="2022-02-07T00:14:22Z">
          <reporter-output>
          </reporter-output>
        </test-method> <!-- leadpagetitle -->
        <test-method status="PASS" signature="leadpageurl()[pri:28, instance:Test.LeadTest@6e2c9341]" name="leadpageurl" duration-ms="16" started-at="2022-02-07T00:14:22Z" description="TC_0028_Verify leadpage url" finished-at="2022-02-07T00:14:22Z">
          <reporter-output>
          </reporter-output>
        </test-method> <!-- leadpageurl -->
        <test-method status="PASS" signature="editdatae()[pri:29, instance:Test.LeadTest@6e2c9341]" name="editdatae" duration-ms="9128" started-at="2022-02-07T00:14:22Z" description="TC_0029_Verify user can edit data" finished-at="2022-02-07T00:14:32Z">
          <reporter-output>
          </reporter-output>
        </test-method> <!-- editdatae -->
        <test-method status="PASS" signature="deletedata()[pri:30, instance:Test.LeadTest@6e2c9341]" name="deletedata" duration-ms="1574" started-at="2022-02-07T00:14:32Z" description="TC_0030_Verify user can delete" finished-at="2022-02-07T00:14:33Z">
          <reporter-output>
          </reporter-output>
        </test-method> <!-- deletedata -->
        <test-method status="PASS" signature="afterclass()[pri:0, instance:Test.LeadTest@6e2c9341]" name="afterclass" is-config="true" duration-ms="204" started-at="2022-02-07T00:14:33Z" finished-at="2022-02-07T00:14:33Z">
          <reporter-output>
          </reporter-output>
        </test-method> <!-- afterclass -->
      </class> <!-- Test.LeadTest -->
      <class name="Test.ViewclientTest">
        <test-method status="PASS" signature="testInitialize(java.lang.String)[pri:0, instance:Test.ViewclientTest@588df31b]" name="testInitialize" is-config="true" duration-ms="18035" started-at="2022-02-07T00:11:42Z" finished-at="2022-02-07T00:12:00Z">
          <params>
            <param index="0">
              <value>
                <![CDATA[chrome]]>
              </value>
            </param>
          </params>
          <reporter-output>
          </reporter-output>
        </test-method> <!-- testInitialize -->
        <test-method status="PASS" signature="Login()[pri:23, instance:Test.ViewclientTest@588df31b]" name="Login" duration-ms="33293" started-at="2022-02-07T00:12:00Z" description="TC_0023_Verify view pagetitle" finished-at="2022-02-07T00:12:33Z">
          <reporter-output>
          </reporter-output>
        </test-method> <!-- Login -->
        <test-method status="PASS" signature="viewdetails()[pri:24, instance:Test.ViewclientTest@588df31b]" name="viewdetails" duration-ms="0" started-at="2022-02-07T00:12:33Z" description="TC_0024_Verify  the details displayed on view client page" finished-at="2022-02-07T00:12:33Z">
          <reporter-output>
          </reporter-output>
        </test-method> <!-- viewdetails -->
        <test-method status="PASS" signature="afterclass()[pri:0, instance:Test.ViewclientTest@588df31b]" name="afterclass" is-config="true" duration-ms="257" started-at="2022-02-07T00:12:33Z" finished-at="2022-02-07T00:12:33Z">
          <reporter-output>
          </reporter-output>
        </test-method> <!-- afterclass -->
      </class> <!-- Test.ViewclientTest -->
    </test> <!-- Test -->
  </suite> <!-- Suite -->
</testng-results>
